<?xml version="1.0" encoding="UTF-8"?>
<testng-results ignored="0" total="1" passed="1" failed="0" skipped="0">
  <reporter-output>
  </reporter-output>
  <suite started-at="2026-01-19T10:46:49 GMT-06:00" name="Default suite" finished-at="2026-01-19T10:47:55 GMT-06:00" duration-ms="66452">
    <groups>
    </groups>
    <test started-at="2026-01-19T10:46:49 GMT-06:00" name="Default test" finished-at="2026-01-19T10:47:55 GMT-06:00" duration-ms="66452">
      <class name="com.orangehrm.app.testCases.TC_Myinfo">
        <test-method is-config="true" signature="setup(java.lang.String)[pri:0, instance:com.orangehrm.app.testCases.TC_Myinfo@36bc55de]" started-at="2026-01-19T10:46:39 GMT-06:00" name="setup" finished-at="2026-01-19T10:46:49 GMT-06:00" duration-ms="10126" status="PASS">
          <params>
            <param index="0">
              <value>
                <![CDATA[chrome]]>
              </value>
            </param>
          </params>
          <reporter-output>
          </reporter-output>
        </test-method> <!-- setup -->
        <test-method signature="Myinfotest()[pri:0, instance:com.orangehrm.app.testCases.TC_Myinfo@36bc55de]" started-at="2026-01-19T10:46:49 GMT-06:00" name="Myinfotest" finished-at="2026-01-19T10:47:55 GMT-06:00" duration-ms="66430" status="PASS">
          <reporter-output>
          </reporter-output>
        </test-method> <!-- Myinfotest -->
        <test-method is-config="true" signature="tearDown()[pri:0, instance:com.orangehrm.app.testCases.TC_Myinfo@36bc55de]" started-at="2026-01-19T10:47:56 GMT-06:00" name="tearDown" finished-at="2026-01-19T10:47:59 GMT-06:00" duration-ms="3255" status="PASS">
          <reporter-output>
          </reporter-output>
        </test-method> <!-- tearDown -->
      </class> <!-- com.orangehrm.app.testCases.TC_Myinfo -->
    </test> <!-- Default test -->
  </suite> <!-- Default suite -->
</testng-results>
