<?xml version="1.0" encoding="UTF-8"?>
<testng-results ignored="0" total="1" passed="1" failed="0" skipped="0">
  <reporter-output>
  </reporter-output>
  <suite started-at="2026-02-01T16:19:33 GMT-06:00" name="Default suite" finished-at="2026-02-01T16:20:46 GMT-06:00" duration-ms="72853">
    <groups>
    </groups>
    <test started-at="2026-02-01T16:19:33 GMT-06:00" name="Default test" finished-at="2026-02-01T16:20:46 GMT-06:00" duration-ms="72853">
      <class name="com.orangehrm.app.testCases.TC_Myinfo">
        <test-method is-config="true" signature="setup(java.lang.String)[pri:0, instance:com.orangehrm.app.testCases.TC_Myinfo@22ffa91a]" started-at="2026-02-01T16:19:22 GMT-06:00" name="setup" finished-at="2026-02-01T16:19:33 GMT-06:00" duration-ms="11202" status="PASS">
          <params>
            <param index="0">
              <value>
                <![CDATA[chrome]]>
              </value>
            </param>
          </params>
          <reporter-output>
          </reporter-output>
        </test-method> <!-- setup -->
        <test-method signature="Myinfotest()[pri:0, instance:com.orangehrm.app.testCases.TC_Myinfo@22ffa91a]" started-at="2026-02-01T16:19:33 GMT-06:00" name="Myinfotest" finished-at="2026-02-01T16:20:46 GMT-06:00" duration-ms="72830" status="PASS">
          <reporter-output>
          </reporter-output>
        </test-method> <!-- Myinfotest -->
        <test-method is-config="true" signature="tearDown()[pri:0, instance:com.orangehrm.app.testCases.TC_Myinfo@22ffa91a]" started-at="2026-02-01T16:20:46 GMT-06:00" name="tearDown" finished-at="2026-02-01T16:20:49 GMT-06:00" duration-ms="3260" status="PASS">
          <reporter-output>
          </reporter-output>
        </test-method> <!-- tearDown -->
      </class> <!-- com.orangehrm.app.testCases.TC_Myinfo -->
    </test> <!-- Default test -->
  </suite> <!-- Default suite -->
</testng-results>
